

*******************************************************************************
Tue Mar  5 16:38:12 2024


FIT:    data read from 'insercion_results_double'
        format = z
        #datapoints = 25
        residuals are weighted equally (unit weight)

function used for fitting: f(x)
	f(x) = a0*x*x+a1*x+a2
fitted parameters initialized with current variable values

iter      chisq       delta/lim  lambda   a0            a1            a2           
   0 1.3460545296e+21   0.00e+00  4.24e+09    1.000000e+00   1.000000e+00   1.000000e+00
  13 7.3541022880e-02  -6.93e-03  4.24e-04    8.005447e-10  -3.124543e-06   2.185445e-02

After 13 iterations the fit converged.
final sum of squares of residuals : 0.073541
rel. change during last iteration : -6.92886e-08

degrees of freedom    (FIT_NDF)                        : 22
rms of residuals      (FIT_STDFIT) = sqrt(WSSR/ndf)    : 0.0578167
variance of residuals (reduced chisquare) = WSSR/ndf   : 0.00334277

Final set of parameters            Asymptotic Standard Error
=======================            ==========================
a0              = 8.00545e-10      +/- 9.969e-12    (1.245%)
a1              = -3.12454e-06     +/- 1.335e-06    (42.73%)
a2              = 0.0218544        +/- 0.03766      (172.3%)

correlation matrix of the fit parameters:
                a0     a1     a2     
a0              1.000 
a1             -0.971  1.000 
a2              0.774 -0.884  1.000 
