

*******************************************************************************
Tue Mar  5 16:37:15 2024


FIT:    data read from 'insercion_results_int'
        format = z
        #datapoints = 25
        residuals are weighted equally (unit weight)

function used for fitting: f(x)
	f(x) = a0*x*x+a1*x+a2
fitted parameters initialized with current variable values

iter      chisq       delta/lim  lambda   a0            a1            a2           
   0 1.3460545298e+21   0.00e+00  4.24e+09    1.000000e+00   1.000000e+00   1.000000e+00
  13 1.2630939472e-01  -3.54e-03  4.24e-04    7.583191e-10  -6.146229e-06   8.431736e-02

After 13 iterations the fit converged.
final sum of squares of residuals : 0.126309
rel. change during last iteration : -3.53539e-08

degrees of freedom    (FIT_NDF)                        : 22
rms of residuals      (FIT_STDFIT) = sqrt(WSSR/ndf)    : 0.0757716
variance of residuals (reduced chisquare) = WSSR/ndf   : 0.00574134

Final set of parameters            Asymptotic Standard Error
=======================            ==========================
a0              = 7.58319e-10      +/- 1.306e-11    (1.723%)
a1              = -6.14623e-06     +/- 1.75e-06     (28.47%)
a2              = 0.0843174        +/- 0.04936      (58.54%)

correlation matrix of the fit parameters:
                a0     a1     a2     
a0              1.000 
a1             -0.971  1.000 
a2              0.774 -0.884  1.000 
