

*******************************************************************************
Tue Mar  5 16:39:26 2024


FIT:    data read from 'insercion_results_int'
        format = z
        #datapoints = 25
        residuals are weighted equally (unit weight)

function used for fitting: f(x)
	f(x) = a0*x*x+a1*x+a2
fitted parameters initialized with current variable values

iter      chisq       delta/lim  lambda   a0            a1            a2           
   0 1.3460545298e+21   0.00e+00  4.24e+09    1.000000e+00   1.000000e+00   1.000000e+00
  13 1.2630939472e-01  -3.54e-03  4.24e-04    7.583191e-10  -6.146229e-06   8.431736e-02

After 13 iterations the fit converged.
final sum of squares of residuals : 0.126309
rel. change during last iteration : -3.53539e-08

degrees of freedom    (FIT_NDF)                        : 22
rms of residuals      (FIT_STDFIT) = sqrt(WSSR/ndf)    : 0.0757716
variance of residuals (reduced chisquare) = WSSR/ndf   : 0.00574134

Final set of parameters            Asymptotic Standard Error
=======================            ==========================
a0              = 7.58319e-10      +/- 1.306e-11    (1.723%)
a1              = -6.14623e-06     +/- 1.75e-06     (28.47%)
a2              = 0.0843174        +/- 0.04936      (58.54%)

correlation matrix of the fit parameters:
                a0     a1     a2     
a0              1.000 
a1             -0.971  1.000 
a2              0.774 -0.884  1.000 


*******************************************************************************
Tue Mar  5 16:39:49 2024


FIT:    data read from 'insercion_results_float'
        format = z
        #datapoints = 25
        residuals are weighted equally (unit weight)

function used for fitting: g(x)
	g(x) = b0*x*x+b1*x+b2
fitted parameters initialized with current variable values

iter      chisq       delta/lim  lambda   b0            b1            b2           
   0 1.3460545296e+21   0.00e+00  4.24e+09    1.000000e+00   1.000000e+00   1.000000e+00
  13 7.1091222905e-02  -6.69e-03  4.24e-04    7.981160e-10  -4.631100e-06   5.488182e-02

After 13 iterations the fit converged.
final sum of squares of residuals : 0.0710912
rel. change during last iteration : -6.69176e-08

degrees of freedom    (FIT_NDF)                        : 22
rms of residuals      (FIT_STDFIT) = sqrt(WSSR/ndf)    : 0.0568456
variance of residuals (reduced chisquare) = WSSR/ndf   : 0.00323142

Final set of parameters            Asymptotic Standard Error
=======================            ==========================
b0              = 7.98116e-10      +/- 9.801e-12    (1.228%)
b1              = -4.6311e-06      +/- 1.313e-06    (28.34%)
b2              = 0.0548818        +/- 0.03703      (67.47%)

correlation matrix of the fit parameters:
                b0     b1     b2     
b0              1.000 
b1             -0.971  1.000 
b2              0.774 -0.884  1.000 


*******************************************************************************
Tue Mar  5 16:40:21 2024


FIT:    data read from 'insercion_results_double'
        format = z
        #datapoints = 25
        residuals are weighted equally (unit weight)

function used for fitting: h(x)
	h(x) = c0*x*x+c1*x+c2
fitted parameters initialized with current variable values

iter      chisq       delta/lim  lambda   c0            c1            c2           
   0 1.3460545296e+21   0.00e+00  4.24e+09    1.000000e+00   1.000000e+00   1.000000e+00
  13 7.3541022880e-02  -6.93e-03  4.24e-04    8.005447e-10  -3.124543e-06   2.185445e-02

After 13 iterations the fit converged.
final sum of squares of residuals : 0.073541
rel. change during last iteration : -6.92886e-08

degrees of freedom    (FIT_NDF)                        : 22
rms of residuals      (FIT_STDFIT) = sqrt(WSSR/ndf)    : 0.0578167
variance of residuals (reduced chisquare) = WSSR/ndf   : 0.00334277

Final set of parameters            Asymptotic Standard Error
=======================            ==========================
c0              = 8.00545e-10      +/- 9.969e-12    (1.245%)
c1              = -3.12454e-06     +/- 1.335e-06    (42.73%)
c2              = 0.0218544        +/- 0.03766      (172.3%)

correlation matrix of the fit parameters:
                c0     c1     c2     
c0              1.000 
c1             -0.971  1.000 
c2              0.774 -0.884  1.000 


*******************************************************************************
Tue Mar  5 16:40:45 2024


FIT:    data read from 'insercion_results_string'
        format = z
        #datapoints = 25
        residuals are weighted equally (unit weight)

function used for fitting: k(x)
	k(x) = d0*x*x+d1*x+d2
fitted parameters initialized with current variable values

iter      chisq       delta/lim  lambda   d0            d1            d2           
   0 1.3460545179e+21   0.00e+00  4.24e+09    1.000000e+00   1.000000e+00   1.000000e+00
  13 6.3203145614e+00  -1.75e-04  4.24e-04    5.007982e-09   1.465192e-05  -4.398287e-01

After 13 iterations the fit converged.
final sum of squares of residuals : 6.32031
rel. change during last iteration : -1.74693e-09

degrees of freedom    (FIT_NDF)                        : 22
rms of residuals      (FIT_STDFIT) = sqrt(WSSR/ndf)    : 0.535992
variance of residuals (reduced chisquare) = WSSR/ndf   : 0.287287

Final set of parameters            Asymptotic Standard Error
=======================            ==========================
d0              = 5.00798e-09      +/- 9.242e-11    (1.845%)
d1              = 1.46519e-05      +/- 1.238e-05    (84.47%)
d2              = -0.439829        +/- 0.3492       (79.38%)

correlation matrix of the fit parameters:
                d0     d1     d2     
d0              1.000 
d1             -0.971  1.000 
d2              0.774 -0.884  1.000 


*******************************************************************************
Tue Mar  5 17:20:55 2024


FIT:    data read from 'insercion_results_string'
        format = z
        #datapoints = 25
        residuals are weighted equally (unit weight)

function used for fitting: k(x)
	k(x) = d0*x*x+d1*x+d2
fitted parameters initialized with current variable values

iter      chisq       delta/lim  lambda   d0            d1            d2           
   0 6.3203145614e+00   0.00e+00  2.12e+01    5.007982e-09   1.465192e-05  -4.398287e-01
   1 6.3203145614e+00  -2.25e-10  2.12e+01    5.007982e-09   1.465192e-05  -4.398287e-01

After 1 iterations the fit converged.
final sum of squares of residuals : 6.32031
rel. change during last iteration : -2.24844e-15

degrees of freedom    (FIT_NDF)                        : 22
rms of residuals      (FIT_STDFIT) = sqrt(WSSR/ndf)    : 0.535992
variance of residuals (reduced chisquare) = WSSR/ndf   : 0.287287

Final set of parameters            Asymptotic Standard Error
=======================            ==========================
d0              = 5.00798e-09      +/- 9.242e-11    (1.845%)
d1              = 1.46519e-05      +/- 1.238e-05    (84.47%)
d2              = -0.439829        +/- 0.3492       (79.38%)

correlation matrix of the fit parameters:
                d0     d1     d2     
d0              1.000 
d1             -0.971  1.000 
d2              0.774 -0.884  1.000 
