2025-06-02 08:35:34,590 INFO o.a.j.u.JMeterUtils: Setting Locale to en_EN
2025-06-02 08:35:34,606 INFO o.a.j.JMeter: Loading user properties from: /home/el_dramas/apache-jmeter-5.6.3/bin/user.properties
2025-06-02 08:35:34,607 INFO o.a.j.JMeter: Loading system properties from: /home/el_dramas/apache-jmeter-5.6.3/bin/system.properties
2025-06-02 08:35:34,610 INFO o.a.j.JMeter: Copyright (c) 1998-2024 The Apache Software Foundation
2025-06-02 08:35:34,611 INFO o.a.j.JMeter: Version 5.6.3
2025-06-02 08:35:34,611 INFO o.a.j.JMeter: java.version=11.0.27
2025-06-02 08:35:34,611 INFO o.a.j.JMeter: java.vm.name=OpenJDK 64-Bit Server VM
2025-06-02 08:35:34,611 INFO o.a.j.JMeter: os.name=Linux
2025-06-02 08:35:34,611 INFO o.a.j.JMeter: os.arch=amd64
2025-06-02 08:35:34,611 INFO o.a.j.JMeter: os.version=6.8.0-60-generic
2025-06-02 08:35:34,611 INFO o.a.j.JMeter: file.encoding=UTF-8
2025-06-02 08:35:34,611 INFO o.a.j.JMeter: java.awt.headless=null
2025-06-02 08:35:34,611 INFO o.a.j.JMeter: Max memory     =1073741824
2025-06-02 08:35:34,611 INFO o.a.j.JMeter: Available Processors =8
2025-06-02 08:35:34,617 INFO o.a.j.JMeter: Default Locale=English (EN)
2025-06-02 08:35:34,617 INFO o.a.j.JMeter: JMeter  Locale=English (EN)
2025-06-02 08:35:34,617 INFO o.a.j.JMeter: JMeterHome=/home/el_dramas/apache-jmeter-5.6.3
2025-06-02 08:35:34,617 INFO o.a.j.JMeter: user.dir  =/home/el_dramas/Desktop/Infomates/Tercer_Curso/Segundo_Cuatri/ISE/Practicas/Bloque_2/Obligatorio_ii/iseP4JMeter/jMeterExercise
2025-06-02 08:35:34,617 INFO o.a.j.JMeter: PWD       =/home/el_dramas/Desktop/Infomates/Tercer_Curso/Segundo_Cuatri/ISE/Practicas/Bloque_2/Obligatorio_ii/iseP4JMeter/jMeterExercise
2025-06-02 08:35:34,617 INFO o.a.j.JMeter: IP: 127.0.1.1 Name: PCLucas FullName: PCLucas
2025-06-02 08:35:34,628 INFO o.a.j.JMeter: Loaded icon properties from org/apache/jmeter/images/icon.properties
2025-06-02 08:35:34,805 INFO o.a.j.JMeterGuiLauncher: Setting LAF to: com.github.weisj.darklaf.DarkLaf:com.github.weisj.darklaf.theme.DarculaTheme
2025-06-02 08:35:41,184 INFO o.a.j.s.FileServer: Default base='/home/el_dramas/Desktop/Infomates/Tercer_Curso/Segundo_Cuatri/ISE/Practicas/Bloque_2/Obligatorio_ii/iseP4JMeter/jMeterExercise'
2025-06-02 08:35:41,186 INFO o.a.j.g.a.Load: Loading file: /home/el_dramas/Desktop/Infomates/Tercer_Curso/Segundo_Cuatri/ISE/Practicas/Bloque_2/Obligatorio_ii/iseP4JMeter/Obligatorio_ii.jmx
2025-06-02 08:35:41,186 INFO o.a.j.s.FileServer: Set new base='/home/el_dramas/Desktop/Infomates/Tercer_Curso/Segundo_Cuatri/ISE/Practicas/Bloque_2/Obligatorio_ii/iseP4JMeter'
2025-06-02 08:35:41,321 INFO o.a.j.s.SaveService: Testplan (JMX) version: 2.2. Testlog (JTL) version: 2.2
2025-06-02 08:35:41,336 INFO o.a.j.s.SaveService: Using SaveService properties version 5.0
2025-06-02 08:35:41,337 INFO o.a.j.s.SaveService: Using SaveService properties file encoding UTF-8
2025-06-02 08:35:41,338 INFO o.a.j.s.SaveService: Loading file: /home/el_dramas/Desktop/Infomates/Tercer_Curso/Segundo_Cuatri/ISE/Practicas/Bloque_2/Obligatorio_ii/iseP4JMeter/Obligatorio_ii.jmx
2025-06-02 08:35:41,358 INFO o.a.j.p.h.s.HTTPSamplerBase: Parser for text/html is org.apache.jmeter.protocol.http.parser.LagartoBasedHtmlParser
2025-06-02 08:35:41,358 INFO o.a.j.p.h.s.HTTPSamplerBase: Parser for application/xhtml+xml is org.apache.jmeter.protocol.http.parser.LagartoBasedHtmlParser
2025-06-02 08:35:41,358 INFO o.a.j.p.h.s.HTTPSamplerBase: Parser for application/xml is org.apache.jmeter.protocol.http.parser.LagartoBasedHtmlParser
2025-06-02 08:35:41,359 INFO o.a.j.p.h.s.HTTPSamplerBase: Parser for text/xml is org.apache.jmeter.protocol.http.parser.LagartoBasedHtmlParser
2025-06-02 08:35:41,359 INFO o.a.j.p.h.s.HTTPSamplerBase: Parser for text/vnd.wap.wml is org.apache.jmeter.protocol.http.parser.RegexpHTMLParser
2025-06-02 08:35:41,359 INFO o.a.j.p.h.s.HTTPSamplerBase: Parser for text/css is org.apache.jmeter.protocol.http.parser.CssParser
2025-06-02 08:35:41,368 INFO o.a.j.p.h.s.HTTPJavaImpl: Maximum connection retries = 0
2025-06-02 08:35:41,584 INFO o.a.j.s.SampleResult: Note: Sample TimeStamps are START times
2025-06-02 08:35:41,584 INFO o.a.j.s.SampleResult: sampleresult.default.encoding is set to UTF-8
2025-06-02 08:35:41,584 INFO o.a.j.s.SampleResult: sampleresult.useNanoTime=true
2025-06-02 08:35:41,585 INFO o.a.j.s.SampleResult: sampleresult.nanoThreadSleep=5000
2025-06-02 08:35:41,737 INFO o.a.j.s.FileServer: Set new base='/home/el_dramas/Desktop/Infomates/Tercer_Curso/Segundo_Cuatri/ISE/Practicas/Bloque_2/Obligatorio_ii/iseP4JMeter'
