

*******************************************************************************
Thu Apr  4 19:53:37 2024


FIT:    data read from "programa1"
        format = z
        #datapoints = 40
        residuals are weighted equally (unit weight)

function used for fitting: f(x)
	f(x) = a*x*log(x) + b
fitted parameters initialized with current variable values

iter      chisq       delta/lim  lambda   a             b            
   0 2.3312322146e+15   0.00e+00  5.40e+06    1.000000e+00   1.000000e+00
   4 1.1119469597e+01  -7.64e-02  5.40e+02   -1.112138e-07   9.999995e-01

After 4 iterations the fit converged.
final sum of squares of residuals : 11.1195
rel. change during last iteration : -7.64006e-07

degrees of freedom    (FIT_NDF)                        : 38
rms of residuals      (FIT_STDFIT) = sqrt(WSSR/ndf)    : 0.540941
variance of residuals (reduced chisquare) = WSSR/ndf   : 0.292618

Final set of parameters            Asymptotic Standard Error
=======================            ==========================
a               = -1.11214e-07     +/- 2.125e-08    (19.11%)
b               = 1                +/- 0.1622       (16.22%)

correlation matrix of the fit parameters:
                a      b      
a               1.000 
b              -0.850  1.000 
