

*******************************************************************************
Tue Mar  5 17:51:55 2024


FIT:    data read from 'insercion_results_float'
        format = z
        #datapoints = 25
        residuals are weighted equally (unit weight)

function used for fitting: g(x)
fitted parameters initialized with current variable values



*******************************************************************************
Tue Mar  5 17:52:05 2024


FIT:    data read from 'insercion_results_float'
        format = z
        #datapoints = 25
        residuals are weighted equally (unit weight)

function used for fitting: g(x)
	g(x) = b0*x*x+b1*x+b2
fitted parameters initialized with current variable values

iter      chisq       delta/lim  lambda   b0            b1            b2           
   0 1.3460545296e+21   0.00e+00  4.24e+09    1.000000e+00   1.000000e+00   1.000000e+00
  13 7.1091222905e-02  -6.69e-03  4.24e-04    7.981160e-10  -4.631100e-06   5.488182e-02

After 13 iterations the fit converged.
final sum of squares of residuals : 0.0710912
rel. change during last iteration : -6.69176e-08

degrees of freedom    (FIT_NDF)                        : 22
rms of residuals      (FIT_STDFIT) = sqrt(WSSR/ndf)    : 0.0568456
variance of residuals (reduced chisquare) = WSSR/ndf   : 0.00323142

Final set of parameters            Asymptotic Standard Error
=======================            ==========================
b0              = 7.98116e-10      +/- 9.801e-12    (1.228%)
b1              = -4.6311e-06      +/- 1.313e-06    (28.34%)
b2              = 0.0548818        +/- 0.03703      (67.47%)

correlation matrix of the fit parameters:
                b0     b1     b2     
b0              1.000 
b1             -0.971  1.000 
b2              0.774 -0.884  1.000 
